SF:lib/main.dart
DA:7,0
DA:11,1
DA:13,1
DA:15,1
DA:18,1
DA:19,2
DA:20,0
DA:22,1
DA:28,1
DA:29,1
DA:39,1
DA:41,1
DA:42,1
DA:43,1
DA:45,2
DA:49,1
DA:50,1
DA:51,1
DA:53,1
DA:54,1
DA:55,1
DA:57,1
DA:60,1
DA:61,1
DA:62,1
DA:63,1
DA:64,1
DA:67,1
DA:68,1
DA:73,1
DA:76,1
DA:77,1
DA:78,1
DA:79,1
DA:80,1
DA:84,0
DA:85,0
DA:87,0
DA:91,1
DA:92,1
DA:95,1
DA:96,1
DA:97,1
DA:99,1
DA:101,1
DA:102,2
DA:103,1
DA:106,4
DA:108,0
DA:110,0
DA:111,0
DA:115,1
DA:116,1
DA:120,1
LF:54
LH:46
end_of_record
SF:lib/home.dart
DA:5,0
DA:6,0
DA:13,0
DA:15,0
DA:16,0
DA:17,0
DA:18,0
DA:20,0
DA:21,0
DA:23,0
DA:25,0
DA:26,0
DA:27,0
DA:30,0
DA:31,0
DA:35,0
DA:36,0
DA:37,0
DA:39,0
DA:40,0
DA:41,0
DA:42,0
LF:22
LH:0
end_of_record
SF:lib/validator.dart
DA:2,0
DA:3,0
DA:9,0
DA:10,0
DA:14,0
LF:5
LH:0
end_of_record
