SF:lib/authentication.dart
DA:7,1
DA:9,2
LF:2
LH:2
end_of_record
SF:lib/validator.dart
DA:2,1
DA:3,1
DA:9,1
DA:10,1
DA:14,2
LF:5
LH:5
end_of_record
SF:lib/home.dart
DA:5,2
DA:6,2
DA:13,2
DA:15,2
DA:16,2
DA:17,2
DA:18,2
DA:19,2
DA:21,2
DA:25,2
DA:26,2
DA:28,2
DA:29,2
DA:31,4
DA:33,2
DA:34,2
DA:35,2
DA:36,2
DA:39,1
DA:40,1
DA:44,2
DA:45,2
DA:46,2
DA:48,1
DA:49,5
DA:50,1
DA:51,0
LF:27
LH:26
end_of_record
SF:lib/main.dart
DA:8,0
DA:12,1
DA:14,1
DA:16,1
DA:19,1
DA:20,0
DA:21,2
DA:23,1
DA:29,1
DA:30,1
DA:41,1
DA:43,1
DA:44,1
DA:45,1
DA:47,2
DA:51,1
DA:52,1
DA:53,1
DA:55,1
DA:56,1
DA:57,1
DA:59,1
DA:62,1
DA:63,1
DA:64,1
DA:65,1
DA:66,1
DA:69,1
DA:70,1
DA:75,1
DA:78,1
DA:79,1
DA:80,1
DA:81,1
DA:82,1
DA:86,1
DA:87,1
DA:89,0
DA:93,1
DA:94,1
DA:97,1
DA:98,1
DA:99,1
DA:101,1
DA:103,1
DA:104,2
DA:105,1
DA:107,4
DA:108,1
DA:110,2
DA:111,1
DA:125,1
LF:52
LH:49
end_of_record
